MoscowGO/Library/Bee/Android/Prj/Mono2x/Gradle/launcher/build/intermediates/manifest_merge_blame_file/release/manifest-merger-blame-release-report.txt
1<?xml version="1.0" encoding="utf-8"?>
2<manifest xmlns:android="http://schemas.android.com/apk/res/android"
3    package="com.DefaultCompany.MoscowGO"
4    android:installLocation="preferExternal"
5    android:versionCode="1"
6    android:versionName="1.0.2" >
7
8    <uses-sdk
9        android:minSdkVersion="24"
9-->src\main\AndroidManifest.xml
10        android:targetSdkVersion="30" />
10-->src\main\AndroidManifest.xml
11
12    <supports-screens
12-->src\main\AndroidManifest.xml:3:3-163
13        android:anyDensity="true"
13-->src\main\AndroidManifest.xml:3:135-160
14        android:largeScreens="true"
14-->src\main\AndroidManifest.xml:3:78-105
15        android:normalScreens="true"
15-->src\main\AndroidManifest.xml:3:49-77
16        android:smallScreens="true"
16-->src\main\AndroidManifest.xml:3:21-48
17        android:xlargeScreens="true" />
17-->src\main\AndroidManifest.xml:3:106-134
18
19    <uses-feature android:glEsVersion="0x00030000" />
19-->[:unityLibrary] AndroidManifest.xml:12:5-54
19-->[:unityLibrary] AndroidManifest.xml:12:19-51
20    <uses-feature
20-->[:unityLibrary] AndroidManifest.xml:13:5-15:36
21        android:name="android.hardware.vulkan.version"
21-->[:unityLibrary] AndroidManifest.xml:14:9-55
22        android:required="false" />
22-->[:unityLibrary] AndroidManifest.xml:15:9-33
23
24    <uses-permission android:name="android.permission.INTERNET" />
24-->[:unityLibrary] AndroidManifest.xml:17:5-67
24-->[:unityLibrary] AndroidManifest.xml:17:22-64
25    <uses-permission android:name="android.permission.ACCESS_FINE_LOCATION" />
25-->[:unityLibrary] AndroidManifest.xml:18:5-79
25-->[:unityLibrary] AndroidManifest.xml:18:22-76
26
27    <uses-feature
27-->[:unityLibrary] AndroidManifest.xml:20:5-22:36
28        android:name="android.hardware.location.gps"
28-->[:unityLibrary] AndroidManifest.xml:21:9-53
29        android:required="true" />
29-->[:unityLibrary] AndroidManifest.xml:22:9-33
30    <uses-feature
30-->[:unityLibrary] AndroidManifest.xml:23:5-25:36
31        android:name="android.hardware.location"
31-->[:unityLibrary] AndroidManifest.xml:24:9-49
32        android:required="false" />
32-->[:unityLibrary] AndroidManifest.xml:25:9-33
33    <uses-feature
33-->[:unityLibrary] AndroidManifest.xml:26:5-28:36
34        android:name="android.hardware.touchscreen"
34-->[:unityLibrary] AndroidManifest.xml:27:9-52
35        android:required="false" />
35-->[:unityLibrary] AndroidManifest.xml:28:9-33
36    <uses-feature
36-->[:unityLibrary] AndroidManifest.xml:29:5-31:36
37        android:name="android.hardware.touchscreen.multitouch"
37-->[:unityLibrary] AndroidManifest.xml:30:9-63
38        android:required="false" />
38-->[:unityLibrary] AndroidManifest.xml:31:9-33
39    <uses-feature
39-->[:unityLibrary] AndroidManifest.xml:32:5-34:36
40        android:name="android.hardware.touchscreen.multitouch.distinct"
40-->[:unityLibrary] AndroidManifest.xml:33:9-72
41        android:required="false" />
41-->[:unityLibrary] AndroidManifest.xml:34:9-33
42
43    <uses-permission android:name="android.permission.POST_NOTIFICATIONS" />
43-->[:unityLibrary] AndroidManifest.xml:36:5-77
43-->[:unityLibrary] AndroidManifest.xml:36:22-74
44    <uses-permission android:name="android.permission.ACCESS_COARSE_LOCATION" />
44-->[:com.mapbox.android.unity-debug:] AndroidManifest.xml:12:5-81
44-->[:com.mapbox.android.unity-debug:] AndroidManifest.xml:12:22-78
45    <uses-permission android:name="android.permission.ACCESS_NETWORK_STATE" /> <!-- Required for CrashReporterJobIntentService on API levels below 25 -->
45-->[:libcore-release:] AndroidManifest.xml:12:5-79
45-->[:libcore-release:] AndroidManifest.xml:12:22-76
46    <uses-permission android:name="android.permission.WAKE_LOCK" />
46-->[:libtelemetry-full-release:] AndroidManifest.xml:12:5-68
46-->[:libtelemetry-full-release:] AndroidManifest.xml:12:22-65
47    <uses-permission android:name="android.permission.ACCESS_WIFI_STATE" />
47-->[:libtelemetry-full-release:] AndroidManifest.xml:15:5-76
47-->[:libtelemetry-full-release:] AndroidManifest.xml:15:22-73
48
49    <application
49-->src\main\AndroidManifest.xml:4:3-83
50        android:extractNativeLibs="true"
50-->[:unityLibrary] AndroidManifest.xml:38:18-50
51        android:icon="@mipmap/app_icon"
51-->src\main\AndroidManifest.xml:4:49-80
52        android:label="@string/app_name" >
52-->src\main\AndroidManifest.xml:4:16-48
53        <activity
53-->[:unityLibrary] AndroidManifest.xml:39:9-59:20
54            android:name="com.unity3d.player.UnityPlayerActivity"
54-->[:unityLibrary] AndroidManifest.xml:40:13-66
55            android:configChanges="mcc|mnc|locale|touchscreen|keyboard|keyboardHidden|navigation|orientation|screenLayout|uiMode|screenSize|smallestScreenSize|fontScale|layoutDirection|density"
55-->[:unityLibrary] AndroidManifest.xml:41:13-194
56            android:hardwareAccelerated="false"
56-->[:unityLibrary] AndroidManifest.xml:42:13-48
57            android:launchMode="singleTask"
57-->[:unityLibrary] AndroidManifest.xml:43:13-44
58            android:resizeableActivity="false"
58-->[:unityLibrary] AndroidManifest.xml:44:13-47
59            android:screenOrientation="fullUser"
59-->[:unityLibrary] AndroidManifest.xml:45:13-49
60            android:theme="@style/UnityThemeSelector" >
60-->[:unityLibrary] AndroidManifest.xml:46:13-54
61            <intent-filter>
61-->[:unityLibrary] AndroidManifest.xml:47:13-51:29
62                <action android:name="android.intent.action.MAIN" />
62-->[:unityLibrary] AndroidManifest.xml:48:17-69
62-->[:unityLibrary] AndroidManifest.xml:48:25-66
63
64                <category android:name="android.intent.category.LAUNCHER" />
64-->[:unityLibrary] AndroidManifest.xml:50:17-77
64-->[:unityLibrary] AndroidManifest.xml:50:27-74
65            </intent-filter>
66
67            <meta-data
67-->[:unityLibrary] AndroidManifest.xml:53:13-55:40
68                android:name="unityplayer.UnityActivity"
68-->[:unityLibrary] AndroidManifest.xml:54:17-57
69                android:value="true" />
69-->[:unityLibrary] AndroidManifest.xml:55:17-37
70            <meta-data
70-->[:unityLibrary] AndroidManifest.xml:56:13-58:40
71                android:name="android.notch_support"
71-->[:unityLibrary] AndroidManifest.xml:57:17-53
72                android:value="true" />
72-->[:unityLibrary] AndroidManifest.xml:58:17-37
73        </activity>
74
75        <meta-data
75-->[:unityLibrary] AndroidManifest.xml:61:9-63:33
76            android:name="unity.splash-mode"
76-->[:unityLibrary] AndroidManifest.xml:62:13-45
77            android:value="0" />
77-->[:unityLibrary] AndroidManifest.xml:63:13-30
78        <meta-data
78-->[:unityLibrary] AndroidManifest.xml:64:9-66:36
79            android:name="unity.splash-enable"
79-->[:unityLibrary] AndroidManifest.xml:65:13-47
80            android:value="True" />
80-->[:unityLibrary] AndroidManifest.xml:66:13-33
81        <meta-data
81-->[:unityLibrary] AndroidManifest.xml:67:9-69:36
82            android:name="unity.launch-fullscreen"
82-->[:unityLibrary] AndroidManifest.xml:68:13-51
83            android:value="True" />
83-->[:unityLibrary] AndroidManifest.xml:69:13-33
84        <meta-data
84-->[:unityLibrary] AndroidManifest.xml:70:9-72:37
85            android:name="unity.allow-resizable-window"
85-->[:unityLibrary] AndroidManifest.xml:71:13-56
86            android:value="False" />
86-->[:unityLibrary] AndroidManifest.xml:72:13-34
87        <meta-data
87-->[:unityLibrary] AndroidManifest.xml:73:9-75:50
88            android:name="notch.config"
88-->[:unityLibrary] AndroidManifest.xml:74:13-40
89            android:value="portrait|landscape" />
89-->[:unityLibrary] AndroidManifest.xml:75:13-47
90        <meta-data
90-->[:unityLibrary] AndroidManifest.xml:76:9-78:36
91            android:name="unity.auto-report-fully-drawn"
91-->[:unityLibrary] AndroidManifest.xml:77:13-57
92            android:value="true" />
92-->[:unityLibrary] AndroidManifest.xml:78:13-33
93
94        <receiver
94-->[:unityLibrary] AndroidManifest.xml:80:9-82:40
95            android:name="com.unity.androidnotifications.UnityNotificationManager"
95-->[:unityLibrary] AndroidManifest.xml:81:13-83
96            android:exported="false" />
96-->[:unityLibrary] AndroidManifest.xml:82:13-37
97        <receiver
97-->[:unityLibrary] AndroidManifest.xml:83:9-90:20
98            android:name="com.unity.androidnotifications.UnityNotificationRestartOnBootReceiver"
98-->[:unityLibrary] AndroidManifest.xml:84:13-97
99            android:enabled="false"
99-->[:unityLibrary] AndroidManifest.xml:85:13-36
100            android:exported="false" >
100-->[:unityLibrary] AndroidManifest.xml:86:13-37
101            <intent-filter>
101-->[:unityLibrary] AndroidManifest.xml:87:13-89:29
102                <action android:name="android.intent.action.BOOT_COMPLETED" />
102-->[:unityLibrary] AndroidManifest.xml:88:17-79
102-->[:unityLibrary] AndroidManifest.xml:88:25-76
103            </intent-filter>
104        </receiver>
105
106        <meta-data
106-->[:unityLibrary] AndroidManifest.xml:92:9-94:33
107            android:name="com.unity.androidnotifications.exact_scheduling"
107-->[:unityLibrary] AndroidManifest.xml:93:13-75
108            android:value="0" />
108-->[:unityLibrary] AndroidManifest.xml:94:13-30
109
110        <provider
110-->[:libtelemetry-full-release:] AndroidManifest.xml:19:9-23:39
111            android:name="com.mapbox.android.telemetry.provider.MapboxTelemetryInitProvider"
111-->[:libtelemetry-full-release:] AndroidManifest.xml:20:13-93
112            android:authorities="com.DefaultCompany.MoscowGO.mapboxtelemetryinitprovider"
112-->[:libtelemetry-full-release:] AndroidManifest.xml:21:13-79
113            android:exported="false"
113-->[:libtelemetry-full-release:] AndroidManifest.xml:22:13-37
114            android:initOrder="100" />
114-->[:libtelemetry-full-release:] AndroidManifest.xml:23:13-36
115
116        <service
116-->[:libtelemetry-full-release:] AndroidManifest.xml:25:9-27:72
117            android:name="com.mapbox.android.telemetry.crash.CrashReporterJobIntentService"
117-->[:libtelemetry-full-release:] AndroidManifest.xml:26:13-92
118            android:permission="android.permission.BIND_JOB_SERVICE" />
118-->[:libtelemetry-full-release:] AndroidManifest.xml:27:13-69
119    </application>
120
121</manifest>